<?xml version="1.0" encoding="UTF-8"?>
<testng-results ignored="0" total="1" passed="1" failed="0" skipped="0">
  <reporter-output>
  </reporter-output>
  <suite started-at="2020-12-16T11:31:30 IST" name="Suite" finished-at="2020-12-16T11:33:41 IST" duration-ms="131857">
    <groups>
    </groups>
    <test started-at="2020-12-16T11:31:30 IST" name="Test" finished-at="2020-12-16T11:33:41 IST" duration-ms="131857">
      <class name="test.acPageTest">
        <test-method is-config="true" signature="initialise()[pri:0, instance:test.acPageTest@29176cc1]" started-at="2020-12-16T11:26:19 IST" name="initialise" finished-at="2020-12-16T11:31:30 IST" duration-ms="310783" status="PASS">
          <reporter-output>
          </reporter-output>
        </test-method> <!-- initialise -->
        <test-method signature="home()[pri:0, instance:test.acPageTest@29176cc1]" started-at="2020-12-16T11:31:30 IST" name="home" finished-at="2020-12-16T11:33:41 IST" duration-ms="131736" status="PASS">
          <reporter-output>
          </reporter-output>
        </test-method> <!-- home -->
        <test-method is-config="true" signature="tearDown()[pri:0, instance:test.acPageTest@29176cc1]" started-at="2020-12-16T11:33:42 IST" name="tearDown" finished-at="2020-12-16T11:33:44 IST" duration-ms="2244" status="PASS">
          <reporter-output>
          </reporter-output>
        </test-method> <!-- tearDown -->
      </class> <!-- test.acPageTest -->
    </test> <!-- Test -->
  </suite> <!-- Suite -->
</testng-results>
